# JRE version: Java(TM) SE Runtime Environment (18.0+36) (build 18+36-2087)
# Java VM: Java HotSpot(TM) 64-Bit Server VM (18+36-2087, mixed mode, sharing, tiered, compressed oops, compressed class ptrs, g1 gc, windows-amd64)
GC Precious Log:
 CardTable entry size: 512
 Card Set container configuration: InlinePtr #cards 4 size 8 Array Of Cards #cards 16 size 48 Howl #buckets 8 coarsen threshold 3686 Howl Bitmap #cards 512 size 80 coarsen threshold 460 Card regions per heap region 1 cards per card region 4096
 CPUs: 16 total, 16 available
 Memory: 16335M
 Large Page Support: Disabled
 NUMA Support: Disabled
 Compressed Oops: Enabled (Zero based)
 Heap Region Size: 2M
 Heap Min Capacity: 8M
 Heap Initial Capacity: 256M
 Heap Max Capacity: 4084M
 Pre-touch: Disabled
 Parallel Workers: 13
 Concurrent Workers: 3
 Concurrent Refinement Workers: 13
 Periodic GC: Disabled
Heap:
 garbage-first heap   total 81920K, used 40574K [0x0000000700c00000, 0x0000000800000000)
  region size 2048K, 9 young (18432K), 2 survivors (4096K)
 Metaspace       used 59507K, committed 59968K, reserved 1114112K
  class space    used 7778K, committed 8000K, reserved 1048576K
GC Heap History (20 events):
Event: 1.044 GC heap before
{Heap before GC invocations=1 (full 0):
 garbage-first heap   total 262144K, used 29746K [0x0000000700c00000, 0x0000000800000000)
  region size 2048K, 13 young (26624K), 2 survivors (4096K)
 Metaspace       used 11065K, committed 11328K, reserved 1114112K
  class space    used 1363K, committed 1472K, reserved 1048576K
}
Event: 1.049 GC heap after
{Heap after GC invocations=2 (full 0):
 garbage-first heap   total 262144K, used 9264K [0x0000000700c00000, 0x0000000800000000)
  region size 2048K, 1 young (2048K), 1 survivors (2048K)
 Metaspace       used 11065K, committed 11328K, reserved 1114112K
  class space    used 1363K, committed 1472K, reserved 1048576K
}
Event: 2.866 GC heap before
{Heap before GC invocations=2 (full 0):
 garbage-first heap   total 262144K, used 68656K [0x0000000700c00000, 0x0000000800000000)
  region size 2048K, 31 young (63488K), 1 survivors (2048K)
 Metaspace       used 20245K, committed 20480K, reserved 1114112K
  class space    used 2484K, committed 2624K, reserved 1048576K
}
Event: 2.871 GC heap after
{Heap after GC invocations=3 (full 0):
 garbage-first heap   total 262144K, used 13797K [0x0000000700c00000, 0x0000000800000000)
  region size 2048K, 4 young (8192K), 4 survivors (8192K)
 Metaspace       used 20245K, committed 20480K, reserved 1114112K
  class space    used 2484K, committed 2624K, reserved 1048576K
}
Event: 3.012 GC heap before
{Heap before GC invocations=3 (full 0):
 garbage-first heap   total 262144K, used 28133K [0x0000000700c00000, 0x0000000800000000)
  region size 2048K, 12 young (24576K), 4 survivors (8192K)
 Metaspace       used 21246K, committed 21504K, reserved 1114112K
  class space    used 2590K, committed 2752K, reserved 1048576K
}
Event: 3.016 GC heap after
{Heap after GC invocations=4 (full 0):
 garbage-first heap   total 262144K, used 14336K [0x0000000700c00000, 0x0000000800000000)
  region size 2048K, 4 young (8192K), 4 survivors (8192K)
 Metaspace       used 21246K, committed 21504K, reserved 1114112K
  class space    used 2590K, committed 2752K, reserved 1048576K
}
Event: 3.579 GC heap before
{Heap before GC invocations=5 (full 0):
 garbage-first heap   total 61440K, used 43008K [0x0000000700c00000, 0x0000000800000000)
  region size 2048K, 18 young (36864K), 4 survivors (8192K)
 Metaspace       used 25360K, committed 25664K, reserved 1114112K
  class space    used 3131K, committed 3264K, reserved 1048576K
}
Event: 3.587 GC heap after
{Heap after GC invocations=6 (full 0):
 garbage-first heap   total 61440K, used 15870K [0x0000000700c00000, 0x0000000800000000)
  region size 2048K, 2 young (4096K), 2 survivors (4096K)
 Metaspace       used 25360K, committed 25664K, reserved 1114112K
  class space    used 3131K, committed 3264K, reserved 1048576K
}
Event: 4.120 GC heap before
{Heap before GC invocations=6 (full 0):
 garbage-first heap   total 61440K, used 40446K [0x0000000700c00000, 0x0000000800000000)
  region size 2048K, 14 young (28672K), 2 survivors (4096K)
 Metaspace       used 30492K, committed 30848K, reserved 1114112K
  class space    used 3808K, committed 3968K, reserved 1048576K
}
Event: 4.127 GC heap after
{Heap after GC invocations=7 (full 0):
 garbage-first heap   total 61440K, used 18812K [0x0000000700c00000, 0x0000000800000000)
  region size 2048K, 2 young (4096K), 2 survivors (4096K)
 Metaspace       used 30492K, committed 30848K, reserved 1114112K
  class space    used 3808K, committed 3968K, reserved 1048576K
}
Event: 4.513 GC heap before
{Heap before GC invocations=7 (full 0):
 garbage-first heap   total 61440K, used 43388K [0x0000000700c00000, 0x0000000800000000)
  region size 2048K, 14 young (28672K), 2 survivors (4096K)
 Metaspace       used 32780K, committed 33088K, reserved 1114112K
  class space    used 4098K, committed 4224K, reserved 1048576K
}
Event: 4.524 GC heap after
{Heap after GC invocations=8 (full 0):
 garbage-first heap   total 161792K, used 20898K [0x0000000700c00000, 0x0000000800000000)
  region size 2048K, 1 young (2048K), 1 survivors (2048K)
 Metaspace       used 32780K, committed 33088K, reserved 1114112K
  class space    used 4098K, committed 4224K, reserved 1048576K
}
Event: 4.771 GC heap before
{Heap before GC invocations=8 (full 0):
 garbage-first heap   total 161792K, used 31138K [0x0000000700c00000, 0x0000000800000000)
  region size 2048K, 7 young (14336K), 1 survivors (2048K)
 Metaspace       used 35633K, committed 35968K, reserved 1114112K
  class space    used 4548K, committed 4672K, reserved 1048576K
}
Event: 4.774 GC heap after
{Heap after GC invocations=9 (full 0):
 garbage-first heap   total 161792K, used 20963K [0x0000000700c00000, 0x0000000800000000)
  region size 2048K, 1 young (2048K), 1 survivors (2048K)
 Metaspace       used 35633K, committed 35968K, reserved 1114112K
  class space    used 4548K, committed 4672K, reserved 1048576K
}
Event: 5.876 GC heap before
{Heap before GC invocations=10 (full 0):
 garbage-first heap   total 81920K, used 68067K [0x0000000700c00000, 0x0000000800000000)
  region size 2048K, 24 young (49152K), 1 survivors (2048K)
 Metaspace       used 48990K, committed 49408K, reserved 1114112K
  class space    used 6321K, committed 6528K, reserved 1048576K
}
Event: 5.886 GC heap after
{Heap after GC invocations=11 (full 0):
 garbage-first heap   total 81920K, used 24835K [0x0000000700c00000, 0x0000000800000000)
  region size 2048K, 3 young (6144K), 3 survivors (6144K)
 Metaspace       used 48990K, committed 49408K, reserved 1114112K
  class space    used 6321K, committed 6528K, reserved 1048576K
}
Event: 7.025 GC heap before
{Heap before GC invocations=11 (full 0):
 garbage-first heap   total 81920K, used 61699K [0x0000000700c00000, 0x0000000800000000)
  region size 2048K, 21 young (43008K), 3 survivors (6144K)
 Metaspace       used 56618K, committed 56960K, reserved 1114112K
  class space    used 7391K, committed 7552K, reserved 1048576K
}
Event: 7.036 GC heap after
{Heap after GC invocations=12 (full 0):
 garbage-first heap   total 81920K, used 26473K [0x0000000700c00000, 0x0000000800000000)
  region size 2048K, 1 young (2048K), 1 survivors (2048K)
 Metaspace       used 56618K, committed 56960K, reserved 1114112K
  class space    used 7391K, committed 7552K, reserved 1048576K
}
Event: 7.419 GC heap before
{Heap before GC invocations=12 (full 0):
 garbage-first heap   total 81920K, used 61289K [0x0000000700c00000, 0x0000000800000000)
  region size 2048K, 18 young (36864K), 1 survivors (2048K)
 Metaspace       used 59104K, committed 59520K, reserved 1114112K
  class space    used 7732K, committed 7936K, reserved 1048576K
}
Event: 7.422 GC heap after
{Heap after GC invocations=13 (full 0):
 garbage-first heap   total 81920K, used 28286K [0x0000000700c00000, 0x0000000800000000)
  region size 2048K, 2 young (4096K), 2 survivors (4096K)
 Metaspace       used 59104K, committed 59520K, reserved 1114112K
  class space    used 7732K, committed 7936K, reserved 1048576K
}

